[2016-06-26 13:59:13] Log.INFO : - BEGIN createRoom()
[2016-06-26 13:59:13] Log.INFO : Making folder...
[2016-06-26 13:59:13] Log.INFO : Creating files...
[2016-06-26 13:59:13] Log.INFO : Editing permission...
[2016-06-26 13:59:13] Log.INFO : - ENDED createRoom()
[2016-06-26 14:08:08] Log.INFO : - BEGIN createRoom()
[2016-06-26 14:08:08] Log.INFO : Making folder...
[2016-06-26 14:08:08] Log.INFO : Creating files...
[2016-06-26 14:08:08] Log.INFO : Editing permission...
[2016-06-26 14:08:28] Log.INFO : - BEGIN createRoom()
[2016-06-26 14:08:28] Log.INFO : Making folder...
[2016-06-26 14:08:28] Log.INFO : Creating files...
[2016-06-26 14:08:28] Log.INFO : Editing permission...
[2016-06-26 14:09:05] Log.INFO : - BEGIN createRoom()
[2016-06-26 14:09:05] Log.INFO : Making folder...
[2016-06-26 14:09:05] Log.INFO : Creating files...
[2016-06-26 14:09:05] Log.INFO : Editing permission...
[2016-06-26 14:09:05] Log.INFO : Adding json data...
[2016-06-26 14:09:05] Log.INFO : - ENDED createRoom()
[2016-06-26 14:09:32] Log.INFO : - BEGIN createRoom()
[2016-06-26 14:09:32] Log.INFO : Making folder...
[2016-06-26 14:09:32] Log.INFO : Creating files...
[2016-06-26 14:09:32] Log.INFO : Editing permission...
[2016-06-26 14:09:32] Log.INFO : Adding json data...
[2016-06-26 14:09:32] Log.INFO : - ENDED createRoom()
[2016-06-26 14:10:54] Log.INFO : - BEGIN createRoom()
[2016-06-26 14:10:54] Log.INFO : Making folder...
[2016-06-26 14:10:54] Log.INFO : Creating files...
[2016-06-26 14:10:54] Log.INFO : Editing permission...
[2016-06-26 14:10:54] Log.INFO : Adding json data...
[2016-06-26 14:10:54] Log.INFO : - ENDED createRoom()
[2016-06-26 14:33:29] Log.INFO : - BEGIN createRoom()
[2016-06-26 14:33:29] Log.INFO : Making folder...
[2016-06-26 14:33:29] Log.INFO : Creating files...
[2016-06-26 14:33:29] Log.INFO : Editing permission...
[2016-06-26 14:33:29] Log.INFO : Adding room data...
[2016-06-26 14:33:29] Log.INFO : Adding chat data...
[2016-06-26 14:33:29] Log.INFO : - ENDED createRoom()
[2016-06-26 14:34:30] Log.INFO : - BEGIN createRoom()
[2016-06-26 14:34:30] Log.INFO : Making folder...
[2016-06-26 14:34:30] Log.INFO : Creating files...
[2016-06-26 14:34:30] Log.INFO : Editing permission...
[2016-06-26 14:34:30] Log.INFO : Adding room data...
[2016-06-26 14:34:31] Log.INFO : Adding chat data...
[2016-06-26 14:34:31] Log.INFO : - ENDED createRoom()
[2016-06-26 14:34:52] Log.INFO : - BEGIN createRoom()
[2016-06-26 14:34:52] Log.INFO : Making folder...
[2016-06-26 14:34:52] Log.INFO : Creating files...
[2016-06-26 14:34:52] Log.INFO : Editing permission...
[2016-06-26 14:34:52] Log.INFO : Adding room data...
[2016-06-26 14:34:52] Log.INFO : Adding chat data...
[2016-06-26 14:34:52] Log.INFO : - ENDED createRoom()
[2016-06-26 14:35:30] Log.INFO : - BEGIN createRoom()
[2016-06-26 14:35:30] Log.INFO : Making folder...
[2016-06-26 14:35:30] Log.INFO : Creating files...
[2016-06-26 14:35:30] Log.INFO : Editing permission...
[2016-06-26 14:35:30] Log.INFO : Adding room data...
[2016-06-26 14:35:30] Log.INFO : Adding chat data...
[2016-06-26 14:35:30] Log.INFO : - ENDED createRoom()
[2016-06-26 14:36:15] Log.INFO : - BEGIN createRoom()
[2016-06-26 14:36:15] Log.INFO : Making folder...
[2016-06-26 14:36:15] Log.INFO : Creating files...
[2016-06-26 14:36:15] Log.INFO : Editing permission...
[2016-06-26 14:36:15] Log.INFO : Adding room data...
[2016-06-26 14:36:15] Log.INFO : Adding chat data...
[2016-06-26 14:36:15] Log.INFO : - ENDED createRoom()
[2016-06-26 14:37:27] Log.INFO : - BEGIN createRoom()
[2016-06-26 14:37:27] Log.INFO : Making folder...
[2016-06-26 14:37:27] Log.INFO : Creating files...
[2016-06-26 14:37:27] Log.INFO : Editing permission...
[2016-06-26 14:37:27] Log.INFO : Adding room data...
[2016-06-26 14:37:27] Log.INFO : Adding chat data...
[2016-06-26 14:37:27] Log.INFO : - ENDED createRoom()
[2016-06-26 14:39:12] Log.INFO : - BEGIN createRoom()
[2016-06-26 14:39:12] Log.INFO : Making folder...
[2016-06-26 14:39:12] Log.INFO : Creating files...
[2016-06-26 14:39:12] Log.INFO : Editing permission...
[2016-06-26 14:39:12] Log.INFO : Adding room data...
[2016-06-26 14:39:12] Log.INFO : Adding chat data...
[2016-06-26 14:39:12] Log.INFO : - ENDED createRoom()
[2016-06-26 14:55:05] Log.INFO : - BEGIN createRoom()
[2016-06-26 14:55:05] Log.INFO : Making folder...
[2016-06-26 14:55:05] Log.INFO : Creating files...
[2016-06-26 14:55:05] Log.INFO : Editing permission...
[2016-06-26 14:55:05] Log.INFO : Adding room data...
[2016-06-26 14:55:05] Log.INFO : Adding chat data...
[2016-06-26 14:55:05] Log.INFO : - ENDED createRoom()
[2016-06-26 14:56:43] Log.INFO : - BEGIN writeChat()
[2016-06-26 14:56:43] Log.INFO : Getting chat...
[2016-06-26 14:57:03] Log.INFO : - BEGIN writeChat()
[2016-06-26 14:57:03] Log.INFO : Getting chat...
[2016-06-26 14:57:40] Log.INFO : - BEGIN writeChat()
[2016-06-26 14:57:40] Log.INFO : Getting chat...
[2016-06-26 14:58:14] Log.INFO : - BEGIN writeChat()
[2016-06-26 14:58:14] Log.INFO : Getting chat...
[2016-06-26 14:58:14] Log.INFO : Creating hash...
[2016-06-26 14:58:14] Log.INFO : Writing chat...
[2016-06-26 14:58:14] Log.INFO : - ENDED writeChat()
[2016-06-26 14:58:25] Log.INFO : - BEGIN writeChat()
[2016-06-26 14:58:25] Log.INFO : Getting chat...
[2016-06-26 14:58:25] Log.INFO : Creating hash...
[2016-06-26 14:58:25] Log.INFO : Writing chat...
[2016-06-26 14:58:25] Log.INFO : - ENDED writeChat()
[2016-06-26 14:58:26] Log.INFO : - BEGIN writeChat()
[2016-06-26 14:58:26] Log.INFO : Getting chat...
[2016-06-26 14:58:26] Log.INFO : Creating hash...
[2016-06-26 14:58:26] Log.INFO : Writing chat...
[2016-06-26 14:58:26] Log.INFO : - ENDED writeChat()
[2016-06-26 15:12:51] Log.INFO : - BEGIN writeChat()
[2016-06-26 15:12:51] Log.INFO : Getting chat...
[2016-06-26 15:12:51] Log.INFO : Creating hash...
[2016-06-26 15:12:51] Log.INFO : Writing chat...
[2016-06-26 15:12:51] Log.INFO : - ENDED writeChat()
[2016-06-26 15:13:06] Log.INFO : - BEGIN writeChat()
[2016-06-26 15:13:06] Log.INFO : Getting chat...
[2016-06-26 15:13:06] Log.INFO : Creating hash...
[2016-06-26 15:13:06] Log.INFO : Writing chat...
[2016-06-26 15:13:06] Log.INFO : - ENDED writeChat()
[2016-06-26 15:13:07] Log.INFO : - BEGIN writeChat()
[2016-06-26 15:13:07] Log.INFO : Getting chat...
[2016-06-26 15:13:07] Log.INFO : Creating hash...
[2016-06-26 15:13:07] Log.INFO : Writing chat...
[2016-06-26 15:13:07] Log.INFO : - ENDED writeChat()
[2016-06-26 15:13:32] Log.INFO : - BEGIN writeChat()
[2016-06-26 15:13:32] Log.INFO : Getting chat...
[2016-06-26 15:13:32] Log.INFO : Creating hash...
[2016-06-26 15:13:32] Log.INFO : Writing chat...
[2016-06-26 15:13:32] Log.INFO : - ENDED writeChat()
[2016-06-26 15:13:35] Log.INFO : - BEGIN writeChat()
[2016-06-26 15:13:35] Log.INFO : Getting chat...
[2016-06-26 15:13:35] Log.INFO : Creating hash...
[2016-06-26 15:13:35] Log.INFO : Writing chat...
[2016-06-26 15:13:35] Log.INFO : - ENDED writeChat()
[2016-06-26 15:14:44] Log.INFO : - BEGIN writeChat()
[2016-06-26 15:14:44] Log.INFO : Getting chat...
[2016-06-26 15:14:44] Log.INFO : Creating hash...
[2016-06-26 15:14:44] Log.INFO : Writing chat...
[2016-06-26 15:14:44] Log.INFO : - ENDED writeChat()
[2016-06-26 15:26:56] Log.INFO : - BEGIN writeChat()
[2016-06-26 15:26:56] Log.INFO : Getting chat...
[2016-06-26 15:26:56] Log.INFO : Creating hash...
[2016-06-26 15:26:56] Log.INFO : Writing chat...
[2016-06-26 15:26:56] Log.INFO : - ENDED writeChat()
[2016-06-26 15:26:58] Log.INFO : - BEGIN writeChat()
[2016-06-26 15:26:58] Log.INFO : Getting chat...
[2016-06-26 15:26:58] Log.INFO : Creating hash...
[2016-06-26 15:26:58] Log.INFO : Writing chat...
[2016-06-26 15:26:58] Log.INFO : - ENDED writeChat()
[2016-06-26 15:27:01] Log.INFO : - BEGIN writeChat()
[2016-06-26 15:27:01] Log.INFO : Getting chat...
[2016-06-26 15:27:01] Log.INFO : Creating hash...
[2016-06-26 15:27:01] Log.INFO : Writing chat...
[2016-06-26 15:27:01] Log.INFO : - ENDED writeChat()
[2016-06-26 15:27:02] Log.INFO : - BEGIN writeChat()
[2016-06-26 15:27:02] Log.INFO : Getting chat...
[2016-06-26 15:27:02] Log.INFO : Creating hash...
[2016-06-26 15:27:02] Log.INFO : Writing chat...
[2016-06-26 15:27:02] Log.INFO : - ENDED writeChat()
[2016-06-26 15:27:19] Log.INFO : - BEGIN writeChat()
[2016-06-26 15:27:25] Log.INFO : - BEGIN writeChat()
[2016-06-26 15:27:58] Log.INFO : - BEGIN writeChat()
[2016-06-26 15:28:09] Log.INFO : - BEGIN writeChat()
[2016-06-26 15:28:30] Log.INFO : - BEGIN writeChat()
[2016-06-26 15:30:07] Log.INFO : - BEGIN writeChat()
[2016-06-26 15:30:10] Log.INFO : - BEGIN writeChat()
[2016-06-26 15:31:23] Log.INFO : - BEGIN writeChat()
[2016-06-26 15:31:23] Log.WARNING : Tried to illegal password.
[2016-06-26 15:31:24] Log.INFO : - BEGIN writeChat()
[2016-06-26 15:31:24] Log.WARNING : Tried to illegal password.
[2016-06-26 15:31:25] Log.INFO : - BEGIN writeChat()
[2016-06-26 15:31:25] Log.WARNING : Tried to illegal password.
[2016-06-26 15:31:28] Log.INFO : - BEGIN writeChat()
[2016-06-26 15:31:28] Log.WARNING : Tried to illegal password.
[2016-06-26 15:36:22] Log.INFO : - BEGIN writeChat()
[2016-06-26 15:36:23] Log.INFO : - BEGIN writeChat()
[2016-06-26 15:36:26] Log.INFO : - BEGIN writeChat()
[2016-06-26 15:38:23] Log.INFO : - BEGIN writeChat()
[2016-06-26 15:38:23] Log.WARNING : Tried to illegal password.
[2016-06-26 15:38:24] Log.INFO : - BEGIN writeChat()
[2016-06-26 15:38:24] Log.WARNING : Tried to illegal password.
[2016-06-26 15:50:01] Log.INFO : - BEGIN writeChat()
[2016-06-26 15:50:01] Log.WARNING : Tried to illegal password in writing logs.
